2025-08-08 01:20:49,940 - etl.pipeline - INFO - WeatherETLPipeline initialized
2025-08-08 01:20:49,942 - etl.pipeline - INFO - ============================================================
2025-08-08 01:20:49,943 - etl.pipeline - INFO - WEATHER DATA ETL PIPELINE STARTED
2025-08-08 01:20:49,943 - etl.pipeline - INFO - ============================================================
2025-08-08 01:20:49,944 - etl.pipeline - INFO - Location: 51.51, -0.13
2025-08-08 01:20:49,944 - etl.pipeline - INFO - Timestamp: 2025-08-08T01:20:49.944958
2025-08-08 01:20:49,945 - etl.pipeline - INFO - 
----------------------------------------
2025-08-08 01:20:49,945 - etl.pipeline - INFO - STEP 1: DATA EXTRACTION
2025-08-08 01:20:49,946 - etl.pipeline - INFO - ----------------------------------------
2025-08-08 01:20:49,956 - etl.extract - INFO - WeatherExtractor initialized for coordinates: 51.51, -0.13
2025-08-08 01:20:49,960 - etl.extract - INFO - Starting complete data extraction
2025-08-08 01:20:49,961 - etl.extract - INFO - Fetching weather forecast for 51.51, -0.13
2025-08-08 01:20:51,064 - etl.extract - INFO - Weather forecast fetched successfully
2025-08-08 01:20:51,065 - etl.extract - INFO - Fetching air quality data for 51.51, -0.13
2025-08-08 01:20:51,953 - etl.extract - INFO - Air quality data fetched successfully
2025-08-08 01:20:51,953 - etl.extract - INFO - Data extraction completed in 1.99 seconds
2025-08-08 01:20:51,954 - etl.extract - INFO - Data validation successful
2025-08-08 01:20:51,954 - etl.pipeline - INFO - Extraction completed in 2.00 seconds
2025-08-08 01:20:51,954 - etl.pipeline - INFO - Weather forecast days: 7
2025-08-08 01:20:51,955 - etl.pipeline - INFO - Air quality data points: 120
2025-08-08 01:20:51,955 - etl.pipeline - INFO - 
----------------------------------------
2025-08-08 01:20:51,955 - etl.pipeline - INFO - STEP 2: DATA TRANSFORMATION
2025-08-08 01:20:51,956 - etl.pipeline - INFO - ----------------------------------------
2025-08-08 01:20:51,956 - etl.transform - INFO - WeatherTransformer initialized
2025-08-08 01:20:51,956 - etl.transform - INFO - Starting data transformation
2025-08-08 01:20:51,958 - etl.transform - INFO - Transformation completed. 7 records created
2025-08-08 01:20:51,959 - etl.pipeline - INFO - Transformation completed in 0.00 seconds
2025-08-08 01:20:51,959 - etl.pipeline - INFO - Records created: 7
2025-08-08 01:20:51,960 - etl.pipeline - INFO - Date range: 2025-08-07 to 2025-08-13
2025-08-08 01:20:51,960 - etl.pipeline - INFO - 
----------------------------------------
2025-08-08 01:20:51,960 - etl.pipeline - INFO - STEP 3: DATA LOADING
2025-08-08 01:20:51,961 - etl.pipeline - INFO - ----------------------------------------
2025-08-08 01:20:51,971 - etl.load - INFO - WeatherLoader initialized with 7 records
2025-08-08 01:20:51,975 - etl.load - INFO - SQLite database and tables created successfully: data\weather_data.db
2025-08-08 01:20:51,995 - etl.load - ERROR - SQLite error: UNIQUE constraint failed: weather_records.date, weather_records.latitude, weather_records.longitude
2025-08-08 01:20:52,062 - etl.load - INFO - Data successfully saved to CSV: data\csv_exports\weather_data_lat51.50_lon-0.12_20250808_012052.csv
2025-08-08 01:20:52,150 - etl.pipeline - INFO - Data loading completed in 0.11 seconds
2025-08-08 01:20:52,150 - etl.pipeline - INFO - 
============================================================
2025-08-08 01:20:52,150 - etl.pipeline - INFO - PIPELINE COMPLETED SUCCESSFULLY IN 2.21 SECONDS
2025-08-08 01:20:52,150 - etl.pipeline - INFO - ============================================================
2025-08-08 01:20:52,155 - models.forecast.manager - INFO - ForecastManager initialized
2025-08-08 01:20:52,155 - models.forecast.manager - INFO - Creating 3-day avg temperature forecast for 51.51, -0.13
2025-08-08 01:20:52,181 - models.forecast.core - INFO - WeatherForecaster initialized with ARIMA order (2, 1, 2)
2025-08-08 01:20:52,184 - models.forecast.core - INFO - Data prepared successfully: 14 data points
2025-08-08 01:20:52,188 - models.forecast.core - INFO - Date range: 2025-07-29 00:00:00 to 2025-08-13 00:00:00
2025-08-08 01:20:52,188 - models.forecast.core - INFO - Temperature range: 16.6°C to 24.4°C
2025-08-08 01:20:52,207 - models.forecast.core - INFO - Stationarity test: Non-stationary (p-value: 0.9570)
2025-08-08 01:20:52,208 - models.forecast.core - INFO - Fitting ARIMA(2, 1, 2) model...
2025-08-08 01:20:56,903 - models.forecast.core - INFO - Model fitted successfully
2025-08-08 01:20:56,904 - models.forecast.core - INFO - AIC: 56.14
2025-08-08 01:20:56,904 - models.forecast.core - INFO - BIC: 58.96
2025-08-08 01:20:56,906 - models.forecast.core - INFO - Log Likelihood: -23.07
2025-08-08 01:20:56,910 - models.forecast.validation - INFO - Model validation: Good
2025-08-08 01:20:56,911 - models.forecast.core - INFO - Generating 3-step forecast...
2025-08-08 01:20:56,931 - models.forecast.core - INFO - Forecast generated successfully
2025-08-08 01:20:56,931 - models.forecast.core - INFO - Mean forecast temperature: 24.9°C
2025-08-08 01:20:56,932 - models.forecast.core - INFO - Temperature trend: increasing
2025-08-08 01:20:56,932 - models.forecast.manager - INFO - Forecast created successfully for 51.51, -0.13
2025-08-08 01:20:57,086 - __main__ - ERROR - Error in weather route: Could not build url for endpoint 'history' with values ['lat', 'lon']. Did you mean 'dashboard' instead?
2025-08-08 01:20:57,089 - werkzeug - INFO - 127.0.0.1 - - [08/Aug/2025 01:20:57] "[32mGET /weather?lat=51.51&lon=-0.13 HTTP/1.1[0m" 302 -
2025-08-08 01:20:57,103 - werkzeug - INFO - 127.0.0.1 - - [08/Aug/2025 01:20:57] "GET / HTTP/1.1" 200 -
2025-08-08 01:53:26,334 - __main__ - INFO - Fetching fresh weather data for 35.69, 139.69
2025-08-08 01:53:26,410 - etl.pipeline - INFO - WeatherETLPipeline initialized
2025-08-08 01:53:26,411 - etl.pipeline - INFO - ============================================================
2025-08-08 01:53:26,412 - etl.pipeline - INFO - WEATHER DATA ETL PIPELINE STARTED
2025-08-08 01:53:26,412 - etl.pipeline - INFO - ============================================================
2025-08-08 01:53:26,412 - etl.pipeline - INFO - Location: 35.69, 139.69
2025-08-08 01:53:26,413 - etl.pipeline - INFO - Timestamp: 2025-08-08T01:53:26.412530
2025-08-08 01:53:26,413 - etl.pipeline - INFO - 
----------------------------------------
2025-08-08 01:53:26,413 - etl.pipeline - INFO - STEP 1: DATA EXTRACTION
2025-08-08 01:53:26,413 - etl.pipeline - INFO - ----------------------------------------
2025-08-08 01:53:26,414 - etl.extract - INFO - WeatherExtractor initialized for coordinates: 35.69, 139.69
2025-08-08 01:53:26,414 - etl.extract - INFO - Starting complete data extraction
2025-08-08 01:53:26,415 - etl.extract - INFO - Fetching weather forecast for 35.69, 139.69
2025-08-08 01:53:27,523 - etl.extract - INFO - Weather forecast fetched successfully
2025-08-08 01:53:27,526 - etl.extract - INFO - Fetching air quality data for 35.69, 139.69
2025-08-08 01:53:28,401 - etl.extract - INFO - Air quality data fetched successfully
2025-08-08 01:53:28,401 - etl.extract - INFO - Data extraction completed in 1.99 seconds
2025-08-08 01:53:28,401 - etl.extract - INFO - Data validation successful
2025-08-08 01:53:28,401 - etl.pipeline - INFO - Extraction completed in 1.99 seconds
2025-08-08 01:53:28,401 - etl.pipeline - INFO - Weather forecast days: 7
2025-08-08 01:53:28,401 - etl.pipeline - INFO - Air quality data points: 120
2025-08-08 01:53:28,401 - etl.pipeline - INFO - 
----------------------------------------
2025-08-08 01:53:28,401 - etl.pipeline - INFO - STEP 2: DATA TRANSFORMATION
2025-08-08 01:53:28,401 - etl.pipeline - INFO - ----------------------------------------
2025-08-08 01:53:28,401 - etl.transform - INFO - WeatherTransformer initialized
2025-08-08 01:53:28,401 - etl.transform - INFO - Starting data transformation
2025-08-08 01:53:28,401 - etl.transform - INFO - Transformation completed. 7 records created
2025-08-08 01:53:28,401 - etl.pipeline - INFO - Transformation completed in 0.00 seconds
2025-08-08 01:53:28,512 - etl.pipeline - INFO - Records created: 7
2025-08-08 01:53:28,513 - etl.pipeline - INFO - Date range: 2025-08-08 to 2025-08-14
2025-08-08 01:53:28,513 - etl.pipeline - INFO - 
----------------------------------------
2025-08-08 01:53:28,513 - etl.pipeline - INFO - STEP 3: DATA LOADING
2025-08-08 01:53:28,513 - etl.pipeline - INFO - ----------------------------------------
2025-08-08 01:53:28,573 - etl.load - INFO - WeatherLoader initialized with 7 records
2025-08-08 01:53:28,602 - etl.load - INFO - SQLite database and tables created successfully: data\weather_data.db
2025-08-08 01:53:28,682 - etl.load - ERROR - SQLite error: UNIQUE constraint failed: weather_records.date, weather_records.latitude, weather_records.longitude
2025-08-08 01:53:28,792 - etl.load - INFO - Data successfully saved to CSV: data\csv_exports\weather_data_lat35.70_lon139.69_20250808_015328.csv
2025-08-08 01:53:28,830 - etl.pipeline - INFO - Data loading completed in 0.28 seconds
2025-08-08 01:53:28,831 - etl.pipeline - INFO - 
============================================================
2025-08-08 01:53:28,831 - etl.pipeline - INFO - PIPELINE COMPLETED SUCCESSFULLY IN 2.42 SECONDS
2025-08-08 01:53:28,831 - etl.pipeline - INFO - ============================================================
2025-08-08 01:53:28,835 - werkzeug - INFO - 127.0.0.1 - - [08/Aug/2025 01:53:28] "[32mGET /weather?lat=35.69&lon=139.69 HTTP/1.1[0m" 302 -
2025-08-08 01:53:28,869 - werkzeug - INFO - 127.0.0.1 - - [08/Aug/2025 01:53:28] "GET / HTTP/1.1" 200 -
2025-08-08 01:53:40,745 - __main__ - INFO - Fetching fresh weather data for 40.71, -74.01
2025-08-08 01:53:40,746 - etl.pipeline - INFO - WeatherETLPipeline initialized
2025-08-08 01:53:40,746 - etl.pipeline - INFO - ============================================================
2025-08-08 01:53:40,746 - etl.pipeline - INFO - WEATHER DATA ETL PIPELINE STARTED
2025-08-08 01:53:40,747 - etl.pipeline - INFO - ============================================================
2025-08-08 01:53:40,747 - etl.pipeline - INFO - Location: 40.71, -74.01
2025-08-08 01:53:40,747 - etl.pipeline - INFO - Timestamp: 2025-08-08T01:53:40.747915
2025-08-08 01:53:40,747 - etl.pipeline - INFO - 
----------------------------------------
2025-08-08 01:53:40,748 - etl.pipeline - INFO - STEP 1: DATA EXTRACTION
2025-08-08 01:53:40,748 - etl.pipeline - INFO - ----------------------------------------
2025-08-08 01:53:40,748 - etl.extract - INFO - WeatherExtractor initialized for coordinates: 40.71, -74.01
2025-08-08 01:53:40,749 - etl.extract - INFO - Starting complete data extraction
2025-08-08 01:53:40,749 - etl.extract - INFO - Fetching weather forecast for 40.71, -74.01
2025-08-08 01:53:41,859 - etl.extract - INFO - Weather forecast fetched successfully
2025-08-08 01:53:41,860 - etl.extract - INFO - Fetching air quality data for 40.71, -74.01
2025-08-08 01:53:42,691 - etl.extract - INFO - Air quality data fetched successfully
2025-08-08 01:53:42,692 - etl.extract - INFO - Data extraction completed in 1.94 seconds
2025-08-08 01:53:42,692 - etl.extract - INFO - Data validation successful
2025-08-08 01:53:42,692 - etl.pipeline - INFO - Extraction completed in 1.94 seconds
2025-08-08 01:53:42,693 - etl.pipeline - INFO - Weather forecast days: 7
2025-08-08 01:53:42,693 - etl.pipeline - INFO - Air quality data points: 120
2025-08-08 01:53:42,693 - etl.pipeline - INFO - 
----------------------------------------
2025-08-08 01:53:42,693 - etl.pipeline - INFO - STEP 2: DATA TRANSFORMATION
2025-08-08 01:53:42,694 - etl.pipeline - INFO - ----------------------------------------
2025-08-08 01:53:42,694 - etl.transform - INFO - WeatherTransformer initialized
2025-08-08 01:53:42,694 - etl.transform - INFO - Starting data transformation
2025-08-08 01:53:42,695 - etl.transform - INFO - Transformation completed. 7 records created
2025-08-08 01:53:42,696 - etl.pipeline - INFO - Transformation completed in 0.00 seconds
2025-08-08 01:53:42,696 - etl.pipeline - INFO - Records created: 7
2025-08-08 01:53:42,696 - etl.pipeline - INFO - Date range: 2025-08-07 to 2025-08-13
2025-08-08 01:53:42,804 - etl.pipeline - INFO - 
----------------------------------------
2025-08-08 01:53:42,805 - etl.pipeline - INFO - STEP 3: DATA LOADING
2025-08-08 01:53:42,805 - etl.pipeline - INFO - ----------------------------------------
2025-08-08 01:53:42,807 - etl.load - INFO - WeatherLoader initialized with 7 records
2025-08-08 01:53:42,809 - etl.load - INFO - SQLite database and tables created successfully: data\weather_data.db
2025-08-08 01:53:42,847 - etl.load - INFO - Successfully saved 7 records to SQLite: data\weather_data.db
2025-08-08 01:53:42,860 - etl.load - INFO - Data successfully saved to CSV: data\csv_exports\weather_data_lat40.71_lon-73.99_20250808_015342.csv
2025-08-08 01:53:42,905 - etl.pipeline - INFO - Data loading completed in 0.06 seconds
2025-08-08 01:53:42,906 - etl.pipeline - INFO - 
============================================================
2025-08-08 01:53:42,907 - etl.pipeline - INFO - PIPELINE COMPLETED SUCCESSFULLY IN 2.16 SECONDS
2025-08-08 01:53:42,907 - etl.pipeline - INFO - ============================================================
2025-08-08 01:53:42,910 - werkzeug - INFO - 127.0.0.1 - - [08/Aug/2025 01:53:42] "[32mGET /weather?lat=40.71&lon=-74.01 HTTP/1.1[0m" 302 -
2025-08-08 01:53:42,922 - werkzeug - INFO - 127.0.0.1 - - [08/Aug/2025 01:53:42] "GET / HTTP/1.1" 200 -
2025-08-08 02:01:17,392 - etl.pipeline - INFO - WeatherETLPipeline initialized
2025-08-08 02:01:17,489 - etl.pipeline - INFO - ============================================================
2025-08-08 02:01:17,489 - etl.pipeline - INFO - WEATHER DATA ETL PIPELINE STARTED
2025-08-08 02:01:17,489 - etl.pipeline - INFO - ============================================================
2025-08-08 02:01:17,489 - etl.pipeline - INFO - Location: 51.51, -0.13
2025-08-08 02:01:17,489 - etl.pipeline - INFO - Timestamp: 2025-08-07T20:16:17.489662+00:00
2025-08-08 02:01:17,489 - etl.pipeline - INFO - 
----------------------------------------
2025-08-08 02:01:17,489 - etl.pipeline - INFO - STEP 1: DATA EXTRACTION
2025-08-08 02:01:17,489 - etl.pipeline - INFO - ----------------------------------------
2025-08-08 02:01:17,489 - etl.extract - INFO - WeatherExtractor initialized for coordinates: 51.51, -0.13
2025-08-08 02:01:17,489 - etl.extract - INFO - Starting complete data extraction
2025-08-08 02:01:17,489 - etl.extract - INFO - Fetching weather forecast for 51.51, -0.13
2025-08-08 02:01:18,597 - etl.extract - INFO - Weather forecast fetched successfully
2025-08-08 02:01:18,597 - etl.extract - INFO - Fetching air quality data for 51.51, -0.13
2025-08-08 02:01:19,415 - etl.extract - INFO - Air quality data fetched successfully
2025-08-08 02:01:19,417 - etl.extract - INFO - Data extraction completed in 1.93 seconds
2025-08-08 02:01:19,417 - etl.extract - INFO - Data validation successful
2025-08-08 02:01:19,417 - etl.pipeline - INFO - Extraction completed in 1.93 seconds
2025-08-08 02:01:19,417 - etl.pipeline - INFO - Weather forecast days: 7
2025-08-08 02:01:19,417 - etl.pipeline - INFO - Air quality data points: 120
2025-08-08 02:01:19,417 - etl.pipeline - INFO - 
----------------------------------------
2025-08-08 02:01:19,417 - etl.pipeline - INFO - STEP 2: DATA TRANSFORMATION
2025-08-08 02:01:19,417 - etl.pipeline - INFO - ----------------------------------------
2025-08-08 02:01:19,417 - etl.transform - INFO - WeatherTransformer initialized
2025-08-08 02:01:19,417 - etl.transform - INFO - Starting data transformation
2025-08-08 02:01:19,421 - etl.transform - INFO - Transformation completed. 7 records created
2025-08-08 02:01:19,421 - etl.pipeline - INFO - Transformation completed in 0.00 seconds
2025-08-08 02:01:19,421 - etl.pipeline - INFO - Records created: 7
2025-08-08 02:01:19,421 - etl.pipeline - INFO - Date range: 2025-08-07 to 2025-08-13
2025-08-08 02:01:19,421 - etl.pipeline - INFO - 
----------------------------------------
2025-08-08 02:01:19,421 - etl.pipeline - INFO - STEP 3: DATA LOADING
2025-08-08 02:01:19,421 - etl.pipeline - INFO - ----------------------------------------
2025-08-08 02:01:19,525 - etl.load - INFO - WeatherLoader initialized with 7 records
2025-08-08 02:01:19,525 - etl.pipeline - ERROR - Data loading failed: unsupported operand type(s) for /: 'str' and 'str'
2025-08-08 02:01:19,525 - etl.pipeline - INFO - 
============================================================
2025-08-08 02:01:19,525 - etl.pipeline - INFO - PIPELINE COMPLETED SUCCESSFULLY IN 2.04 SECONDS
2025-08-08 02:01:19,526 - etl.pipeline - INFO - ============================================================
2025-08-08 02:01:19,528 - werkzeug - INFO - 127.0.0.1 - - [08/Aug/2025 02:01:19] "[32mGET /weather?lat=51.51&lon=-0.13 HTTP/1.1[0m" 302 -
2025-08-08 02:01:19,539 - werkzeug - INFO - 127.0.0.1 - - [08/Aug/2025 02:01:19] "GET / HTTP/1.1" 200 -
2025-08-08 02:05:08,731 - __main__ - INFO - Fetching fresh weather data for 35.69, 139.69
2025-08-08 02:05:08,733 - etl.pipeline - INFO - WeatherETLPipeline initialized
2025-08-08 02:05:08,733 - etl.pipeline - INFO - ============================================================
2025-08-08 02:05:08,733 - etl.pipeline - INFO - WEATHER DATA ETL PIPELINE STARTED
2025-08-08 02:05:08,733 - etl.pipeline - INFO - ============================================================
2025-08-08 02:05:08,733 - etl.pipeline - INFO - Location: 35.69, 139.69
2025-08-08 02:05:08,733 - etl.pipeline - INFO - Timestamp: 2025-08-07T20:20:08.733922+00:00
2025-08-08 02:05:08,733 - etl.pipeline - INFO - 
----------------------------------------
2025-08-08 02:05:08,733 - etl.pipeline - INFO - STEP 1: DATA EXTRACTION
2025-08-08 02:05:08,733 - etl.pipeline - INFO - ----------------------------------------
2025-08-08 02:05:08,733 - etl.extract - INFO - WeatherExtractor initialized for coordinates: 35.69, 139.69
2025-08-08 02:05:08,733 - etl.extract - INFO - Starting complete data extraction
2025-08-08 02:05:08,733 - etl.extract - INFO - Fetching weather forecast for 35.69, 139.69
2025-08-08 02:05:09,887 - etl.extract - INFO - Weather forecast fetched successfully
2025-08-08 02:05:09,890 - etl.extract - INFO - Fetching air quality data for 35.69, 139.69
2025-08-08 02:05:10,731 - etl.extract - INFO - Air quality data fetched successfully
2025-08-08 02:05:10,732 - etl.extract - INFO - Data extraction completed in 2.00 seconds
2025-08-08 02:05:10,732 - etl.extract - INFO - Data validation successful
2025-08-08 02:05:10,733 - etl.pipeline - INFO - Extraction completed in 2.00 seconds
2025-08-08 02:05:10,733 - etl.pipeline - INFO - Weather forecast days: 7
2025-08-08 02:05:10,733 - etl.pipeline - INFO - Air quality data points: 120
2025-08-08 02:05:10,734 - etl.pipeline - INFO - 
----------------------------------------
2025-08-08 02:05:10,734 - etl.pipeline - INFO - STEP 2: DATA TRANSFORMATION
2025-08-08 02:05:10,734 - etl.pipeline - INFO - ----------------------------------------
2025-08-08 02:05:10,734 - etl.transform - INFO - WeatherTransformer initialized
2025-08-08 02:05:10,734 - etl.transform - INFO - Starting data transformation
2025-08-08 02:05:10,735 - etl.transform - INFO - Transformation completed. 7 records created
2025-08-08 02:05:10,735 - etl.pipeline - INFO - Transformation completed in 0.00 seconds
2025-08-08 02:05:10,736 - etl.pipeline - INFO - Records created: 7
2025-08-08 02:05:10,736 - etl.pipeline - INFO - Date range: 2025-08-08 to 2025-08-14
2025-08-08 02:05:10,737 - etl.pipeline - INFO - 
----------------------------------------
2025-08-08 02:05:10,737 - etl.pipeline - INFO - STEP 3: DATA LOADING
2025-08-08 02:05:10,737 - etl.pipeline - INFO - ----------------------------------------
2025-08-08 02:05:10,819 - etl.load - INFO - WeatherLoader initialized with 7 records
2025-08-08 02:05:10,819 - etl.pipeline - ERROR - Data loading failed: unsupported operand type(s) for /: 'str' and 'str'
2025-08-08 02:05:10,819 - etl.pipeline - INFO - 
============================================================
2025-08-08 02:05:10,819 - etl.pipeline - INFO - PIPELINE COMPLETED SUCCESSFULLY IN 2.09 SECONDS
2025-08-08 02:05:10,820 - etl.pipeline - INFO - ============================================================
2025-08-08 02:05:10,825 - werkzeug - INFO - 127.0.0.1 - - [08/Aug/2025 02:05:10] "[32mGET /weather?lat=35.69&lon=139.69 HTTP/1.1[0m" 302 -
2025-08-08 02:05:10,843 - werkzeug - INFO - 127.0.0.1 - - [08/Aug/2025 02:05:10] "GET / HTTP/1.1" 200 -
2025-08-08 02:07:02,000 - etl.pipeline - INFO - WeatherETLPipeline initialized
2025-08-08 02:07:02,001 - etl.pipeline - INFO - ============================================================
2025-08-08 02:07:02,002 - etl.pipeline - INFO - WEATHER DATA ETL PIPELINE STARTED
2025-08-08 02:07:02,002 - etl.pipeline - INFO - ============================================================
2025-08-08 02:07:02,002 - etl.pipeline - INFO - Location: 51.51, -0.13
2025-08-08 02:07:02,002 - etl.pipeline - INFO - Timestamp: 2025-08-07T20:22:02.002547+00:00
2025-08-08 02:07:02,003 - etl.pipeline - INFO - 
----------------------------------------
2025-08-08 02:07:02,003 - etl.pipeline - INFO - STEP 1: DATA EXTRACTION
2025-08-08 02:07:02,003 - etl.pipeline - INFO - ----------------------------------------
2025-08-08 02:07:02,003 - etl.extract - INFO - WeatherExtractor initialized for coordinates: 51.51, -0.13
2025-08-08 02:07:02,003 - etl.extract - INFO - Starting complete data extraction
2025-08-08 02:07:02,004 - etl.extract - INFO - Fetching weather forecast for 51.51, -0.13
2025-08-08 02:07:03,115 - etl.extract - INFO - Weather forecast fetched successfully
2025-08-08 02:07:03,115 - etl.extract - INFO - Fetching air quality data for 51.51, -0.13
2025-08-08 02:07:03,927 - etl.extract - INFO - Air quality data fetched successfully
2025-08-08 02:07:03,928 - etl.extract - INFO - Data extraction completed in 1.92 seconds
2025-08-08 02:07:03,928 - etl.extract - INFO - Data validation successful
2025-08-08 02:07:03,929 - etl.pipeline - INFO - Extraction completed in 1.93 seconds
2025-08-08 02:07:03,930 - etl.pipeline - INFO - Weather forecast days: 7
2025-08-08 02:07:03,930 - etl.pipeline - INFO - Air quality data points: 120
2025-08-08 02:07:03,930 - etl.pipeline - INFO - 
----------------------------------------
2025-08-08 02:07:03,931 - etl.pipeline - INFO - STEP 2: DATA TRANSFORMATION
2025-08-08 02:07:03,931 - etl.pipeline - INFO - ----------------------------------------
2025-08-08 02:07:03,932 - etl.transform - INFO - WeatherTransformer initialized
2025-08-08 02:07:03,932 - etl.transform - INFO - Starting data transformation
2025-08-08 02:07:03,933 - etl.transform - INFO - Transformation completed. 7 records created
2025-08-08 02:07:03,933 - etl.pipeline - INFO - Transformation completed in 0.00 seconds
2025-08-08 02:07:03,934 - etl.pipeline - INFO - Records created: 7
2025-08-08 02:07:03,934 - etl.pipeline - INFO - Date range: 2025-08-07 to 2025-08-13
2025-08-08 02:07:03,934 - etl.pipeline - INFO - 
----------------------------------------
2025-08-08 02:07:03,934 - etl.pipeline - INFO - STEP 3: DATA LOADING
2025-08-08 02:07:03,935 - etl.pipeline - INFO - ----------------------------------------
2025-08-08 02:07:03,951 - etl.load - INFO - WeatherLoader initialized with 7 records
2025-08-08 02:07:03,954 - models.database - INFO - Database initialized successfully: sqlite:///data\weather_data.db
2025-08-08 02:07:03,954 - etl.pipeline - ERROR - Data loading failed: Failed to initialize database session
2025-08-08 02:07:03,954 - etl.pipeline - INFO - 
============================================================
2025-08-08 02:07:03,955 - etl.pipeline - INFO - PIPELINE COMPLETED WITH ERRORS IN 1.95 SECONDS
2025-08-08 02:07:03,955 - etl.pipeline - INFO - ============================================================
2025-08-08 02:07:03,956 - werkzeug - INFO - 127.0.0.1 - - [08/Aug/2025 02:07:03] "[32mGET /weather?lat=51.51&lon=-0.13 HTTP/1.1[0m" 302 -
2025-08-08 02:07:03,968 - werkzeug - INFO - 127.0.0.1 - - [08/Aug/2025 02:07:03] "GET / HTTP/1.1" 200 -
